[debug] [2021-06-19T15:31:20.536Z] ----------------------------------------------------------------------
[debug] [2021-06-19T15:31:20.538Z] Command:       C:\Program Files\nodejs\node.exe C:\Users\alvik\AppData\Roaming\npm\node_modules\firebase-tools\lib\bin\firebase.js init
[debug] [2021-06-19T15:31:20.539Z] CLI Version:   9.13.0
[debug] [2021-06-19T15:31:20.539Z] Platform:      win32
[debug] [2021-06-19T15:31:20.539Z] Node Version:  v12.18.3
[debug] [2021-06-19T15:31:20.540Z] Time:          Sat Jun 19 2021 21:01:20 GMT+0530 (India Standard Time)
[debug] [2021-06-19T15:31:20.540Z] ----------------------------------------------------------------------
[debug] 
[debug] [2021-06-19T15:31:20.548Z] > command requires scopes: ["email","openid","https://www.googleapis.com/auth/cloudplatformprojects.readonly","https://www.googleapis.com/auth/firebase","https://www.googleapis.com/auth/cloud-platform"]
[debug] [2021-06-19T15:31:20.548Z] > authorizing via signed-in user (alvikabhushan.2k@gmail.com)
[info] 
     ######## #### ########  ######## ########     ###     ######  ########
     ##        ##  ##     ## ##       ##     ##  ##   ##  ##       ##
     ######    ##  ########  ######   ########  #########  ######  ######
     ##        ##  ##    ##  ##       ##     ## ##     ##       ## ##
     ##       #### ##     ## ######## ########  ##     ##  ######  ########

You're about to initialize a Firebase project in this directory:

  C:\Users\alvik\Music\React YT\amazon-clone

[info] 
=== Project Setup
[info] 
[info] First, let's associate this project directory with a Firebase project.
[info] You can create multiple project aliases by running firebase use --add, 
[info] but for now we'll just set up a default project.
[info] 
[debug] [2021-06-19T15:33:22.109Z] > refreshing access token with scopes: []
[debug] [2021-06-19T15:33:22.110Z] >>> HTTP REQUEST POST https://www.googleapis.com/oauth2/v3/token  
 <request body omitted>
[debug] [2021-06-19T15:33:23.700Z] <<< HTTP RESPONSE 200 {"expires":"Mon, 01 Jan 1990 00:00:00 GMT","cache-control":"no-cache, no-store, max-age=0, must-revalidate","pragma":"no-cache","date":"Sat, 19 Jun 2021 15:33:24 GMT","content-type":"application/json; charset=utf-8","vary":"X-Origin, Referer, Origin,Accept-Encoding","server":"scaffolding on HTTPServer2","x-xss-protection":"0","x-frame-options":"SAMEORIGIN","x-content-type-options":"nosniff","alt-svc":"h3=\":443\"; ma=2592000,h3-29=\":443\"; ma=2592000,h3-T051=\":443\"; ma=2592000,h3-Q050=\":443\"; ma=2592000,h3-Q046=\":443\"; ma=2592000,h3-Q043=\":443\"; ma=2592000,quic=\":443\"; ma=2592000; v=\"46,43\"","accept-ranges":"none","transfer-encoding":"chunked"}
[debug] [2021-06-19T15:33:23.788Z] >>> [apiv2][query] GET https://firebase.googleapis.com/v1beta1/projects pageSize=100
[debug] [2021-06-19T15:33:24.814Z] <<< [apiv2][status] GET https://firebase.googleapis.com/v1beta1/projects 200
[debug] [2021-06-19T15:33:24.814Z] <<< [apiv2][body] GET https://firebase.googleapis.com/v1beta1/projects [omitted]
[info] i  Using project clone-efe22 (amazon clone) 
[info] 
=== Hosting Setup
[info] 
[info] Your public directory is the folder (relative to your project directory) that
[info] will contain Hosting assets to be uploaded with firebase deploy. If you
[info] have a build process for your assets, use your build's output directory.
[info] 
[debug] [2021-06-19T15:34:14.528Z] >>> [apiv2][query] GET https://www.gstatic.com/firebasejs/releases.json [none]
[debug] [2021-06-19T15:34:15.054Z] <<< [apiv2][status] GET https://www.gstatic.com/firebasejs/releases.json 200
[debug] [2021-06-19T15:34:15.054Z] <<< [apiv2][body] GET https://www.gstatic.com/firebasejs/releases.json {"current":{"version":"8.6.8","browserURL":"https://www.gstatic.com/firebasejs/8.6.8/firebase.js","packageURL":"https://www.gstatic.com/firebasejs/8.6.8/firebase.tgz"},"live":{"version":"8.6","browserURL":"https://www.gstatic.com/firebasejs/live/8.6/firebase.js","packageURL":"https://www.gstatic.com/firebasejs/live/8.6/firebase.tgz"},"components":{"analytics":"https://www.gstatic.com/firebasejs/8.6.8/firebase-analytics.js","app":"https://www.gstatic.com/firebasejs/8.6.8/firebase-app.js","app-check":"https://www.gstatic.com/firebasejs/8.6.8/firebase-app-check.js","auth":"https://www.gstatic.com/firebasejs/8.6.8/firebase-auth.js","database":"https://www.gstatic.com/firebasejs/8.6.8/firebase-database.js","firestore":"https://www.gstatic.com/firebasejs/8.6.8/firebase-firestore.js","functions":"https://www.gstatic.com/firebasejs/8.6.8/firebase-functions.js","installations":"https://www.gstatic.com/firebasejs/8.6.8/firebase-installations.js","messaging":"https://www.gstatic.com/firebasejs/8.6.8/firebase-messaging.js","storage":"https://www.gstatic.com/firebasejs/8.6.8/firebase-storage.js","performance":"https://www.gstatic.com/firebasejs/8.6.8/firebase-performance.js","remote-config":"https://www.gstatic.com/firebasejs/8.6.8/firebase-remote-config.js","firestore.memory":"https://www.gstatic.com/firebasejs/8.6.8/firebase-firestore.memory.js"}}
[info] +  Wrote y/index.html 
[info] 
[info] i  Detected a .git folder at C:\Users\alvik\Music\React YT\amazon-clone 
[info] i  Authorizing with GitHub to upload your service account to a GitHub repository's secrets store. 
[info] 
[info] Visit this URL on this device to log in:
[info] https://github.com/login/oauth/authorize?client_id=89cf50f02ac6aaed3484&state=367864623&redirect_uri=http%3A%2F%2Flocalhost%3A9005&scope=read%3Auser%20repo%20public_repo
[info] 
[info] Waiting for authentication...
[debug] [2021-06-19T15:35:29.593Z] >>> HTTP REQUEST POST https://github.com/login/oauth/access_token  
 {"client_id":"89cf50f02ac6aaed3484","client_secret":"3330d14abc895d9a74d5f17cd7a00711fa2c5bf0","code":"84ff20e70c95285d3e64","redirect_uri":"http://localhost:9005","state":"367864623"}
[debug] [2021-06-19T15:35:30.414Z] <<< HTTP RESPONSE 200 {"server":"GitHub.com","date":"Sat, 19 Jun 2021 15:35:31 GMT","content-type":"application/json; charset=utf-8","transfer-encoding":"chunked","vary":"X-PJAX, Accept-Encoding, Accept, X-Requested-With","permissions-policy":"interest-cohort=()","etag":"W/\"1bd40ff27af4495ae43880c68f32cc59\"","cache-control":"max-age=0, private, must-revalidate","strict-transport-security":"max-age=31536000; includeSubdomains; preload","x-frame-options":"deny","x-content-type-options":"nosniff","x-xss-protection":"0","referrer-policy":"origin-when-cross-origin, strict-origin-when-cross-origin","expect-ct":"max-age=2592000, report-uri=\"https://api.github.com/_private/browser/errors\"","content-security-policy":"default-src 'none'; base-uri 'self'; block-all-mixed-content; connect-src 'self' uploads.github.com www.githubstatus.com collector.githubapp.com api.github.com github-cloud.s3.amazonaws.com github-production-repository-file-5c1aeb.s3.amazonaws.com github-production-upload-manifest-file-7fdce7.s3.amazonaws.com github-production-user-asset-6210df.s3.amazonaws.com cdn.optimizely.com logx.optimizely.com/v1/events translator.github.com wss://alive.github.com; font-src github.githubassets.com; form-action 'self' github.com gist.github.com; frame-ancestors 'none'; frame-src render.githubusercontent.com; img-src 'self' data: github.githubassets.com identicons.github.com collector.githubapp.com github-cloud.s3.amazonaws.com secured-user-images.githubusercontent.com/ *.githubusercontent.com; manifest-src 'self'; media-src 'none'; script-src github.githubassets.com; style-src 'unsafe-inline' github.githubassets.com; worker-src github.com/socket-worker-3f088aa2.js gist.github.com/socket-worker-3f088aa2.js","x-github-request-id":"FE69:1B34:14F7310:169B3B0:60CE0EC2"}
[debug] [2021-06-19T15:35:30.477Z] >>> [apiv2][query] GET https://api.github.com/user [none]
[debug] [2021-06-19T15:35:31.303Z] <<< [apiv2][status] GET https://api.github.com/user 200
[debug] [2021-06-19T15:35:31.303Z] <<< [apiv2][body] GET https://api.github.com/user {"login":"alvi0407","id":68943152,"node_id":"MDQ6VXNlcjY4OTQzMTUy","avatar_url":"https://avatars.githubusercontent.com/u/68943152?v=4","gravatar_id":"","url":"https://api.github.com/users/alvi0407","html_url":"https://github.com/alvi0407","followers_url":"https://api.github.com/users/alvi0407/followers","following_url":"https://api.github.com/users/alvi0407/following{/other_user}","gists_url":"https://api.github.com/users/alvi0407/gists{/gist_id}","starred_url":"https://api.github.com/users/alvi0407/starred{/owner}{/repo}","subscriptions_url":"https://api.github.com/users/alvi0407/subscriptions","organizations_url":"https://api.github.com/users/alvi0407/orgs","repos_url":"https://api.github.com/users/alvi0407/repos","events_url":"https://api.github.com/users/alvi0407/events{/privacy}","received_events_url":"https://api.github.com/users/alvi0407/received_events","type":"User","site_admin":false,"name":null,"company":null,"blog":"","location":null,"email":null,"hireable":null,"bio":null,"twitter_username":null,"public_repos":3,"public_gists":0,"followers":0,"following":0,"created_at":"2020-07-29T07:20:41Z","updated_at":"2021-06-19T15:34:49Z","private_gists":0,"total_private_repos":2,"owned_private_repos":2,"disk_usage":23020,"collaborators":0,"two_factor_authentication":false,"plan":{"name":"free","space":976562499,"collaborators":0,"private_repos":10000}}
[info] 
[info] +  Success! Logged into GitHub as alvi0407 
[info] 
